# JRE version: OpenJDK Runtime Environment (21.0.9) (build 21.0.9+-14787801-b1163.94)
# Java VM: OpenJDK 64-Bit Server VM (21.0.9+-14787801-b1163.94, mixed mode, tiered, compressed oops, compressed class ptrs, g1 gc, windows-amd64)
GC Precious Log:
 CardTable entry size: 512
 Card Set container configuration: InlinePtr #cards 5 size 8 Array Of Cards #cards 12 size 40 Howl #buckets 4 coarsen threshold 1843 Howl Bitmap #cards 512 size 80 coarsen threshold 460 Card regions per heap region 1 cards per card region 2048
 CPUs: 4 total, 4 available
 Memory: 16271M
 Large Page Support: Disabled
 NUMA Support: Disabled
 Compressed Oops: Enabled (32-bit)
 Heap Region Size: 1M
 Heap Min Capacity: 8M
 Heap Initial Capacity: 256M
 Heap Max Capacity: 2G
 Pre-touch: Disabled
 Parallel Workers: 4
 Concurrent Workers: 1
 Concurrent Refinement Workers: 4
 Periodic GC: Disabled
Heap:
 garbage-first heap   total 384000K, used 154815K [0x0000000080000000, 0x0000000100000000)
  region size 1024K, 28 young (28672K), 28 survivors (28672K)
 Metaspace       used 127053K, committed 129472K, reserved 1179648K
  class space    used 18058K, committed 19200K, reserved 1048576K
GC Heap History (20 events):
Event: 39.539 GC heap after
{Heap after GC invocations=53 (full 0):
 garbage-first heap   total 304128K, used 130527K [0x0000000080000000, 0x0000000100000000)
  region size 1024K, 11 young (11264K), 11 survivors (11264K)
 Metaspace       used 119061K, committed 121408K, reserved 1179648K
  class space    used 16881K, committed 18048K, reserved 1048576K
}
Event: 39.776 GC heap before
{Heap before GC invocations=53 (full 0):
 garbage-first heap   total 304128K, used 269791K [0x0000000080000000, 0x0000000100000000)
  region size 1024K, 148 young (151552K), 11 survivors (11264K)
 Metaspace       used 119085K, committed 121472K, reserved 1179648K
  class space    used 16882K, committed 18048K, reserved 1048576K
}
Event: 39.783 GC heap after
{Heap after GC invocations=54 (full 0):
 garbage-first heap   total 304128K, used 131039K [0x0000000080000000, 0x0000000100000000)
  region size 1024K, 11 young (11264K), 11 survivors (11264K)
 Metaspace       used 119085K, committed 121472K, reserved 1179648K
  class space    used 16882K, committed 18048K, reserved 1048576K
}
Event: 40.165 GC heap before
{Heap before GC invocations=55 (full 0):
 garbage-first heap   total 304128K, used 284639K [0x0000000080000000, 0x0000000100000000)
  region size 1024K, 161 young (164864K), 11 survivors (11264K)
 Metaspace       used 119145K, committed 121536K, reserved 1179648K
  class space    used 16885K, committed 18048K, reserved 1048576K
}
Event: 40.173 GC heap after
{Heap after GC invocations=56 (full 0):
 garbage-first heap   total 304128K, used 132575K [0x0000000080000000, 0x0000000100000000)
  region size 1024K, 13 young (13312K), 13 survivors (13312K)
 Metaspace       used 119145K, committed 121536K, reserved 1179648K
  class space    used 16885K, committed 18048K, reserved 1048576K
}
Event: 40.356 GC heap before
{Heap before GC invocations=56 (full 0):
 garbage-first heap   total 304128K, used 285151K [0x0000000080000000, 0x0000000100000000)
  region size 1024K, 162 young (165888K), 13 survivors (13312K)
 Metaspace       used 119151K, committed 121600K, reserved 1179648K
  class space    used 16885K, committed 18048K, reserved 1048576K
}
Event: 40.366 GC heap after
{Heap after GC invocations=57 (full 0):
 garbage-first heap   total 304128K, used 132096K [0x0000000080000000, 0x0000000100000000)
  region size 1024K, 12 young (12288K), 12 survivors (12288K)
 Metaspace       used 119151K, committed 121600K, reserved 1179648K
  class space    used 16885K, committed 18048K, reserved 1048576K
}
Event: 40.518 GC heap before
{Heap before GC invocations=57 (full 0):
 garbage-first heap   total 304128K, used 286720K [0x0000000080000000, 0x0000000100000000)
  region size 1024K, 163 young (166912K), 12 survivors (12288K)
 Metaspace       used 119151K, committed 121600K, reserved 1179648K
  class space    used 16885K, committed 18048K, reserved 1048576K
}
Event: 40.530 GC heap after
{Heap after GC invocations=58 (full 0):
 garbage-first heap   total 381952K, used 133120K [0x0000000080000000, 0x0000000100000000)
  region size 1024K, 12 young (12288K), 12 survivors (12288K)
 Metaspace       used 119151K, committed 121600K, reserved 1179648K
  class space    used 16885K, committed 18048K, reserved 1048576K
}
Event: 40.902 GC heap before
{Heap before GC invocations=59 (full 0):
 garbage-first heap   total 381952K, used 349184K [0x0000000080000000, 0x0000000100000000)
  region size 1024K, 223 young (228352K), 12 survivors (12288K)
 Metaspace       used 119198K, committed 121600K, reserved 1179648K
  class space    used 16894K, committed 18048K, reserved 1048576K
}
Event: 40.910 GC heap after
{Heap after GC invocations=60 (full 0):
 garbage-first heap   total 381952K, used 134144K [0x0000000080000000, 0x0000000100000000)
  region size 1024K, 13 young (13312K), 13 survivors (13312K)
 Metaspace       used 119198K, committed 121600K, reserved 1179648K
  class space    used 16894K, committed 18048K, reserved 1048576K
}
Event: 41.144 GC heap before
{Heap before GC invocations=60 (full 0):
 garbage-first heap   total 381952K, used 349184K [0x0000000080000000, 0x0000000100000000)
  region size 1024K, 223 young (228352K), 13 survivors (13312K)
 Metaspace       used 119240K, committed 121664K, reserved 1179648K
  class space    used 16898K, committed 18048K, reserved 1048576K
}
Event: 41.156 GC heap after
{Heap after GC invocations=61 (full 0):
 garbage-first heap   total 381952K, used 134626K [0x0000000080000000, 0x0000000100000000)
  region size 1024K, 15 young (15360K), 15 survivors (15360K)
 Metaspace       used 119240K, committed 121664K, reserved 1179648K
  class space    used 16898K, committed 18048K, reserved 1048576K
}
Event: 41.358 GC heap before
{Heap before GC invocations=61 (full 0):
 garbage-first heap   total 381952K, used 346594K [0x0000000080000000, 0x0000000100000000)
  region size 1024K, 223 young (228352K), 15 survivors (15360K)
 Metaspace       used 119241K, committed 121664K, reserved 1179648K
  class space    used 16898K, committed 18048K, reserved 1048576K
}
Event: 41.367 GC heap after
{Heap after GC invocations=62 (full 0):
 garbage-first heap   total 381952K, used 134626K [0x0000000080000000, 0x0000000100000000)
  region size 1024K, 15 young (15360K), 15 survivors (15360K)
 Metaspace       used 119241K, committed 121664K, reserved 1179648K
  class space    used 16898K, committed 18048K, reserved 1048576K
}
Event: 41.687 GC heap before
{Heap before GC invocations=63 (full 0):
 garbage-first heap   total 381952K, used 347618K [0x0000000080000000, 0x0000000100000000)
  region size 1024K, 223 young (228352K), 15 survivors (15360K)
 Metaspace       used 119241K, committed 121664K, reserved 1179648K
  class space    used 16898K, committed 18048K, reserved 1048576K
}
Event: 41.696 GC heap after
{Heap after GC invocations=64 (full 0):
 garbage-first heap   total 381952K, used 135138K [0x0000000080000000, 0x0000000100000000)
  region size 1024K, 15 young (15360K), 15 survivors (15360K)
 Metaspace       used 119241K, committed 121664K, reserved 1179648K
  class space    used 16898K, committed 18048K, reserved 1048576K
}
Event: 41.907 GC heap before
{Heap before GC invocations=64 (full 0):
 garbage-first heap   total 381952K, used 348130K [0x0000000080000000, 0x0000000100000000)
  region size 1024K, 223 young (228352K), 15 survivors (15360K)
 Metaspace       used 119242K, committed 121664K, reserved 1179648K
  class space    used 16898K, committed 18048K, reserved 1048576K
}
Event: 41.917 GC heap after
{Heap after GC invocations=65 (full 0):
 garbage-first heap   total 381952K, used 135192K [0x0000000080000000, 0x0000000100000000)
  region size 1024K, 15 young (15360K), 15 survivors (15360K)
 Metaspace       used 119242K, committed 121664K, reserved 1179648K
  class space    used 16898K, committed 18048K, reserved 1048576K
}
Event: 43.018 GC heap before
{Heap before GC invocations=65 (full 0):
 garbage-first heap   total 381952K, used 347160K [0x0000000080000000, 0x0000000100000000)
  region size 1024K, 223 young (228352K), 15 survivors (15360K)
 Metaspace       used 127053K, committed 129472K, reserved 1179648K
  class space    used 18058K, committed 19200K, reserved 1048576K
}

